TimeCreated      : 4/8/2026 12:00:37 PM
Id               : 5007
LevelDisplayName : Information
ProviderName     : Microsoft-Windows-Windows Defender
Message          : Microsoft Defender Antivirus Configuration has changed. If this is an unexpected event you should review the settings as this may be the result of malware.
                    	Old value: HKLM\SOFTWARE\Microsoft\Windows Defender\UX Configuration\ToastOrSsoTrigger = 0x1
                    	New value: HKLM\SOFTWARE\Microsoft\Windows Defender\UX Configuration\ToastOrSsoTrigger = 0x0

TimeCreated      : 4/8/2026 2:40:37 AM
Id               : 1013
LevelDisplayName : Information
ProviderName     : Microsoft-Windows-Windows Defender
Message          : Microsoft Defender Antivirus has removed history of malware and other potentially unwanted software.
                    	Time: 2026-03-24T06:40:37Z
                    	User: NT AUTHORITY\SYSTEM
                   

TimeCreated      : 4/8/2026 2:40:37 AM
Id               : 1002
LevelDisplayName : Warning
ProviderName     : Microsoft-Windows-Windows Defender
Message          : Microsoft Defender Antivirus scan has been stopped before completion.
                    	Scan ID: {B356B72E-3083-408F-A743-904AD0E74204}
                    	Scan Type: Antimalware
                    	Scan Parameters: Quick Scan
                     	User: NT AUTHORITY\SYSTEM
                    	Stop Reason: Scheduled scan was skipped because the last successful scan was within the last 7 days

TimeCreated      : 4/8/2026 2:40:37 AM
Id               : 1000
LevelDisplayName : Information
ProviderName     : Microsoft-Windows-Windows Defender
Message          : Microsoft Defender Antivirus scan has started.
                    	Scan ID: {B356B72E-3083-408F-A743-904AD0E74204}
                    	Scan Type: Antimalware
                    	Scan Parameters: Quick Scan
                    	Scan Resources: 
                     	User: NT AUTHORITY\SYSTEM
                    	Scan Trigger: Scheduled maintenance
                    	Scan Only If Idle: Enabled
                    	Low CPU Priority for Scans: Disabled
                    	Thread Priority: 7

TimeCreated      : 4/7/2026 11:29:53 PM
Id               : 1151
LevelDisplayName : Information
ProviderName     : Microsoft-Windows-Windows Defender
Message          : Endpoint Protection client health report (time in UTC):
                    	Platform version: 4.18.26020.6
                    	Engine version: 1.1.26020.3
                    	Network Realtime Inspection engine version: 1.1.26020.3
                    	Antivirus security intelligence version: 1.447.216.0
                    	Antispyware security intelligence version: 1.447.216.0
                    	Network Realtime Inspection security intelligence version: 1.447.216.0
                    	RTP state: Enabled
                    	OA state: Enabled
                    	IOAV state: Enabled
                    	BM state: Enabled
                    	Antivirus security intelligence age: 0
                    	Antispyware security intelligence age: 0
                    	Last quick scan age: 0
                    	Last full scan age: 1311
                    	Antivirus security intelligence creation time: 2026-04-07T09:27:01Z
                    	Antispyware security intelligence creation time: 2026-04-07T09:27:01Z
                    	Last quick scan start time: 2026-04-07T18:29:38Z
                    	Last quick scan end time: 2026-04-07T18:32:11Z
                    	Last quick scan source: 2
                    	Last full scan start time: 2022-09-04T12:58:41Z
                    	Last full scan end time: 2022-09-04T13:43:55Z
                    	Last full scan source: 1
                    	Product status: 0x00080000
                   

TimeCreated      : 4/7/2026 11:29:53 PM
Id               : 1150
LevelDisplayName : Information
ProviderName     : Microsoft-Windows-Windows Defender
Message          : Endpoint Protection client is up and running in a healthy state.
                    	Platform version: 4.18.26020.6
                    	Engine version: 1.1.26020.3
                    	Security intelligence version: 1.447.216.0
                   

TimeCreated      : 4/7/2026 10:29:53 PM
Id               : 1151
LevelDisplayName : Information
ProviderName     : Microsoft-Windows-Windows Defender
Message          : Endpoint Protection client health report (time in UTC):
                    	Platform version: 4.18.26020.6
                    	Engine version: 1.1.26020.3
                    	Network Realtime Inspection engine version: 1.1.26020.3
                    	Antivirus security intelligence version: 1.447.216.0
                    	Antispyware security intelligence version: 1.447.216.0
                    	Network Realtime Inspection security intelligence version: 1.447.216.0
                    	RTP state: Enabled
                    	OA state: Enabled
                    	IOAV state: Enabled
                    	BM state: Enabled
                    	Antivirus security intelligence age: 0
                    	Antispyware security intelligence age: 0
                    	Last quick scan age: 0
                    	Last full scan age: 1311
                    	Antivirus security intelligence creation time: 2026-04-07T09:27:01Z
                    	Antispyware security intelligence creation time: 2026-04-07T09:27:01Z
                    	Last quick scan start time: 2026-04-07T18:29:38Z
                    	Last quick scan end time: 2026-04-07T18:32:11Z
                    	Last quick scan source: 2
                    	Last full scan start time: 2022-09-04T12:58:41Z
                    	Last full scan end time: 2022-09-04T13:43:55Z
                    	Last full scan source: 1
                    	Product status: 0x00080000
                   

TimeCreated      : 4/7/2026 10:29:53 PM
Id               : 1150
LevelDisplayName : Information
ProviderName     : Microsoft-Windows-Windows Defender
Message          : Endpoint Protection client is up and running in a healthy state.
                    	Platform version: 4.18.26020.6
                    	Engine version: 1.1.26020.3
                    	Security intelligence version: 1.447.216.0
                   

TimeCreated      : 4/7/2026 9:39:37 PM
Id               : 5007
LevelDisplayName : Information
ProviderName     : Microsoft-Windows-Windows Defender
Message          : Microsoft Defender Antivirus Configuration has changed. If this is an unexpected event you should review the settings as this may be the result of malware.
                    	Old value: HKLM\SOFTWARE\Microsoft\Windows Defender\UX Configuration\ToastOrSsoTrigger = 0x0
                    	New value: HKLM\SOFTWARE\Microsoft\Windows Defender\UX Configuration\ToastOrSsoTrigger = 0x1

TimeCreated      : 4/7/2026 6:55:38 PM
Id               : 1151
LevelDisplayName : Information
ProviderName     : Microsoft-Windows-Windows Defender
Message          : Endpoint Protection client health report (time in UTC):
                    	Platform version: 4.18.26020.6
                    	Engine version: 1.1.26020.3
                    	Network Realtime Inspection engine version: 1.1.26020.3
                    	Antivirus security intelligence version: 1.447.216.0
                    	Antispyware security intelligence version: 1.447.216.0
                    	Network Realtime Inspection security intelligence version: 1.447.216.0
                    	RTP state: Enabled
                    	OA state: Enabled
                    	IOAV state: Enabled
                    	BM state: Enabled
                    	Antivirus security intelligence age: 0
                    	Antispyware security intelligence age: 0
                    	Last quick scan age: 0
                    	Last full scan age: 1311
                    	Antivirus security intelligence creation time: 2026-04-07T09:27:01Z
                    	Antispyware security intelligence creation time: 2026-04-07T09:27:01Z
                    	Last quick scan start time: 2026-04-07T18:29:38Z
                    	Last quick scan end time: 2026-04-07T18:32:11Z
                    	Last quick scan source: 2
                    	Last full scan start time: 2022-09-04T12:58:41Z
                    	Last full scan end time: 2022-09-04T13:43:55Z
                    	Last full scan source: 1
                    	Product status: 0x00080000
                   

TimeCreated      : 4/7/2026 6:55:38 PM
Id               : 1150
LevelDisplayName : Information
ProviderName     : Microsoft-Windows-Windows Defender
Message          : Endpoint Protection client is up and running in a healthy state.
                    	Platform version: 4.18.26020.6
                    	Engine version: 1.1.26020.3
                    	Security intelligence version: 1.447.216.0
                   

TimeCreated      : 4/7/2026 5:31:25 PM
Id               : 5007
LevelDisplayName : Information
ProviderName     : Microsoft-Windows-Windows Defender
Message          : Microsoft Defender Antivirus Configuration has changed. If this is an unexpected event you should review the settings as this may be the result of malware.
                    	Old value: HKLM\SOFTWARE\Microsoft\Windows Defender\UX Configuration\ToastOrSsoTrigger = 0x1
                    	New value: HKLM\SOFTWARE\Microsoft\Windows Defender\UX Configuration\ToastOrSsoTrigger = 0x0

TimeCreated      : 4/7/2026 4:27:16 PM
Id               : 1151
LevelDisplayName : Information
ProviderName     : Microsoft-Windows-Windows Defender
Message          : Endpoint Protection client health report (time in UTC):
                    	Platform version: 4.18.26020.6
                    	Engine version: 1.1.26020.3
                    	Network Realtime Inspection engine version: 1.1.26020.3
                    	Antivirus security intelligence version: 1.447.216.0
                    	Antispyware security intelligence version: 1.447.216.0
                    	Network Realtime Inspection security intelligence version: 1.447.216.0
                    	RTP state: Enabled
                    	OA state: Enabled
                    	IOAV state: Enabled
                    	BM state: Enabled
                    	Antivirus security intelligence age: 0
                    	Antispyware security intelligence age: 0
                    	Last quick scan age: 0
                    	Last full scan age: 1311
                    	Antivirus security intelligence creation time: 2026-04-07T09:27:01Z
                    	Antispyware security intelligence creation time: 2026-04-07T09:27:01Z
                    	Last quick scan start time: 2026-04-07T18:29:38Z
                    	Last quick scan end time: 2026-04-07T18:32:11Z
                    	Last quick scan source: 2
                    	Last full scan start time: 2022-09-04T12:58:41Z
                    	Last full scan end time: 2022-09-04T13:43:55Z
                    	Last full scan source: 1
                    	Product status: 0x00080000
                   

TimeCreated      : 4/7/2026 4:27:16 PM
Id               : 1150
LevelDisplayName : Information
ProviderName     : Microsoft-Windows-Windows Defender
Message          : Endpoint Protection client is up and running in a healthy state.
                    	Platform version: 4.18.26020.6
                    	Engine version: 1.1.26020.3
                    	Security intelligence version: 1.447.216.0
                   

TimeCreated      : 4/7/2026 4:23:00 PM
Id               : 5007
LevelDisplayName : Information
ProviderName     : Microsoft-Windows-Windows Defender
Message          : Microsoft Defender Antivirus Configuration has changed. If this is an unexpected event you should review the settings as this may be the result of malware.
                    	Old value: HKLM\SOFTWARE\Microsoft\Windows Defender\UX Configuration\ToastOrSsoTrigger = 0x0
                    	New value: HKLM\SOFTWARE\Microsoft\Windows Defender\UX Configuration\ToastOrSsoTrigger = 0x1

TimeCreated      : 4/7/2026 4:04:18 PM
Id               : 2010
LevelDisplayName : Information
ProviderName     : Microsoft-Windows-Windows Defender
Message          : Microsoft Defender Antivirus used cloud protection to get additional security intelligence.
                    	Current security intelligence Version: 1.447.216.0
                    	Security intelligence Type: 
                    	User: \
                    	Current Engine Version: 1.1.26020.3
                    	Cloud protection intelligence Type: Security intelligence update
                    	Persistence Path: C:\ProgramData\Microsoft\Windows Defender\Scans\RtSigs\data\d88d4b9fa2d39a0d2938217b60e272197d9c420c
                    	Cloud protection intelligence Version: 0.0.0.0
                    	Cloud protection intelligence Compilation Timestamp: 4/7/2026 8:04:17 PM
                    	Persistence Limit Type: Duration
                    	Persistence Limit: 288000000

TimeCreated      : 4/7/2026 3:18:39 PM
Id               : 1151
LevelDisplayName : Information
ProviderName     : Microsoft-Windows-Windows Defender
Message          : Endpoint Protection client health report (time in UTC):
                    	Platform version: 4.18.26020.6
                    	Engine version: 1.1.26020.3
                    	Network Realtime Inspection engine version: 1.1.26020.3
                    	Antivirus security intelligence version: 1.447.216.0
                    	Antispyware security intelligence version: 1.447.216.0
                    	Network Realtime Inspection security intelligence version: 1.447.216.0
                    	RTP state: Enabled
                    	OA state: Enabled
                    	IOAV state: Enabled
                    	BM state: Enabled
                    	Antivirus security intelligence age: 0
                    	Antispyware security intelligence age: 0
                    	Last quick scan age: 0
                    	Last full scan age: 1311
                    	Antivirus security intelligence creation time: 2026-04-07T09:27:01Z
                    	Antispyware security intelligence creation time: 2026-04-07T09:27:01Z
                    	Last quick scan start time: 2026-04-07T18:29:38Z
                    	Last quick scan end time: 2026-04-07T18:32:11Z
                    	Last quick scan source: 2
                    	Last full scan start time: 2022-09-04T12:58:41Z
                    	Last full scan end time: 2022-09-04T13:43:55Z
                    	Last full scan source: 1
                    	Product status: 0x00080000
                   

TimeCreated      : 4/7/2026 3:18:39 PM
Id               : 1150
LevelDisplayName : Information
ProviderName     : Microsoft-Windows-Windows Defender
Message          : Endpoint Protection client is up and running in a healthy state.
                    	Platform version: 4.18.26020.6
                    	Engine version: 1.1.26020.3
                    	Security intelligence version: 1.447.216.0
                   

TimeCreated      : 4/7/2026 3:11:55 PM
Id               : 5007
LevelDisplayName : Information
ProviderName     : Microsoft-Windows-Windows Defender
Message          : Microsoft Defender Antivirus Configuration has changed. If this is an unexpected event you should review the settings as this may be the result of malware.
                    	Old value: HKLM\SOFTWARE\Microsoft\Windows Defender\UX Configuration\ToastOrSsoTrigger = 0x1
                    	New value: HKLM\SOFTWARE\Microsoft\Windows Defender\UX Configuration\ToastOrSsoTrigger = 0x0

TimeCreated      : 4/7/2026 2:32:11 PM
Id               : 1001
LevelDisplayName : Information
ProviderName     : Microsoft-Windows-Windows Defender
Message          : Microsoft Defender Antivirus scan has finished.
                    	Scan ID: {2D0F22C7-16F5-4237-97E9-029644614870}
                    	Scan Type: Antimalware
                    	Scan Parameters: Quick Scan
                    	User: NT AUTHORITY\SYSTEM
                    	Scan Time: 0:02:33

TimeCreated      : 4/7/2026 2:29:38 PM
Id               : 1000
LevelDisplayName : Information
ProviderName     : Microsoft-Windows-Windows Defender
Message          : Microsoft Defender Antivirus scan has started.
                    	Scan ID: {2D0F22C7-16F5-4237-97E9-029644614870}
                    	Scan Type: Antimalware
                    	Scan Parameters: Quick Scan
                    	Scan Resources: 
                     	User: NT AUTHORITY\SYSTEM
                    	Scan Trigger: Scheduled maintenance
                    	Scan Only If Idle: Enabled
                    	Low CPU Priority for Scans: Disabled
                    	Thread Priority: 7

TimeCreated      : 4/7/2026 2:25:34 PM
Id               : 1002
LevelDisplayName : Warning
ProviderName     : Microsoft-Windows-Windows Defender
Message          : Microsoft Defender Antivirus scan has been stopped before completion.
                    	Scan ID: {8E008E18-AC51-4236-B1B5-0DB712A77B7C}
                    	Scan Type: Antimalware
                    	Scan Parameters: Quick Scan
                     	User: NT AUTHORITY\SYSTEM
                    	Stop Reason: RPC connection rundown

TimeCreated      : 4/7/2026 2:24:35 PM
Id               : 1000
LevelDisplayName : Information
ProviderName     : Microsoft-Windows-Windows Defender
Message          : Microsoft Defender Antivirus scan has started.
                    	Scan ID: {8E008E18-AC51-4236-B1B5-0DB712A77B7C}
                    	Scan Type: Antimalware
                    	Scan Parameters: Quick Scan
                    	Scan Resources: 
                     	User: NT AUTHORITY\SYSTEM
                    	Scan Trigger: Scheduled maintenance
                    	Scan Only If Idle: Enabled
                    	Low CPU Priority for Scans: Disabled
                    	Thread Priority: 7




